0 info it worked if it ends with ok
1 verbose cli [ 'node', '/usr/local/bin/npm', 'link' ]
2 info using npm@2.11.0
3 info using node@v0.12.4
4 verbose linkPkg /home/xkfngs/Documents/Coding/Projects/trimetalarmclock
5 silly gentlyRm /usr/local/lib/node_modules/trimetalarmclock is being purged
6 verbose gentlyRm don't care about contents; nuking /usr/local/lib/node_modules/trimetalarmclock
7 verbose stack Error: EACCES, symlink '/home/xkfngs/Documents/Coding/Projects/trimetalarmclock'
7 verbose stack     at Error (native)
8 verbose cwd /home/xkfngs/Documents/Coding/Projects/trimetalarmclock
9 error Linux 3.16.0-38-generic
10 error argv "node" "/usr/local/bin/npm" "link"
11 error node v0.12.4
12 error npm  v2.11.0
13 error path /home/xkfngs/Documents/Coding/Projects/trimetalarmclock
14 error code EACCES
15 error errno -13
16 error Error: EACCES, symlink '/home/xkfngs/Documents/Coding/Projects/trimetalarmclock'
16 error     at Error (native)
16 error  { [Error: EACCES, symlink '/home/xkfngs/Documents/Coding/Projects/trimetalarmclock']
16 error   errno: -13,
16 error   code: 'EACCES',
16 error   path: '/home/xkfngs/Documents/Coding/Projects/trimetalarmclock' }
17 error Please try running this command again as root/Administrator.
18 verbose exit [ -13, true ]
